
Showing logs for build [32mcb-kubecd-environment-pr-509-56-6xwhm-1[0m stage [32mfrom-build-pack[0m and container [32mstep-credential-initializer-gffm5[0m
{"level":"info","ts":1589930989.925634,"logger":"fallback-logger","caller":"logging/config.go:69","msg":"Fetch GitHub commit ID from kodata failed: open /var/run/ko/refs/heads/0.8.0-ns-support: no such file or directory"}
{"level":"info","ts":1589930989.9288566,"logger":"fallback-logger","caller":"creds-init/main.go:40","msg":"Credentials initialized."}

Showing logs for build [32mcb-kubecd-environment-pr-509-56-6xwhm-1[0m stage [32mfrom-build-pack[0m and container [32mstep-working-dir-initializer-htr55[0m
{"level":"info","ts":1589930991.0018246,"logger":"fallback-logger","caller":"logging/config.go:69","msg":"Fetch GitHub commit ID from kodata failed: open /var/run/ko/HEAD: no such file or directory"}
{"level":"info","ts":1589930991.012863,"logger":"fallback-logger","caller":"bash/main.go:64","msg":"Successfully executed command \"sh -c mkdir -p /workspace/source\"; output "}

Showing logs for build [32mcb-kubecd-environment-pr-509-56-6xwhm-1[0m stage [32mfrom-build-pack[0m and container [32mstep-place-tools[0m

Showing logs for build [32mcb-kubecd-environment-pr-509-56-6xwhm-1[0m stage [32mfrom-build-pack[0m and container [32mstep-git-source-cb-kubecd-environment-pr-509-56-6xwhm-n2dfx[0m
{"level":"info","ts":1589930997.1082335,"logger":"fallback-logger","caller":"logging/config.go:69","msg":"Fetch GitHub commit ID from kodata failed: open /var/run/ko/refs/heads/0.8.0-ns-support: no such file or directory"}
{"level":"info","ts":1589930997.8045087,"logger":"fallback-logger","caller":"git/git.go:103","msg":"Successfully cloned https://github.com/cb-kubecd/environment-pr-509-56-bdd-frontend-staging.git @ master in path /workspace/source"}

Showing logs for build [32mcb-kubecd-environment-pr-509-56-6xwhm-1[0m stage [32mfrom-build-pack[0m and container [32mstep-git-merge[0m
Using SHAs from PULL_REFS=master:557791a834e9749edcb22f25561d16c9751f08ee,1:a507dfb1328ce2f1140d5420cc03a6830b16662e
DEBUG: LC_ALL=C JX_LOG_LEVEL=error git fetch origin --unshallow a507dfb1328ce2f1140d5420cc03a6830b16662e: 557791a834e9749edcb22f25561d16c9751f08ee:
DEBUG: ran git fetch --unshallow origin a507dfb1328ce2f1140d5420cc03a6830b16662e: 557791a834e9749edcb22f25561d16c9751f08ee: in 
DEBUG: LC_ALL=C JX_LOG_LEVEL=error git branch
DEBUG: LC_ALL=C JX_LOG_LEVEL=error git checkout master
DEBUG: ran git checkout master in 
DEBUG: LC_ALL=C JX_LOG_LEVEL=error git reset --hard 557791a834e9749edcb22f25561d16c9751f08ee
DEBUG: ran git reset --hard 557791a834e9749edcb22f25561d16c9751f08ee in 
DEBUG: LC_ALL=C JX_LOG_LEVEL=error git clean -fd .
DEBUG: ran clean --force -d . in 
DEBUG: LC_ALL=C JX_LOG_LEVEL=error git merge a507dfb1328ce2f1140d5420cc03a6830b16662e
DEBUG: ran git merge a507dfb1328ce2f1140d5420cc03a6830b16662e in 
DEBUG: LC_ALL=C JX_LOG_LEVEL=error git log --format=%H%x1f%an%x1f%ae%x1f%cn%x1f%ce%x1f%s%n%b%x1e 557791a834e9749edcb22f25561d16c9751f08ee..HEAD
Merged SHA a507dfb1328ce2f1140d5420cc03a6830b16662e with commit message 'chore: Promote bdd-nh-1589929886 to version 0.0.1' into base branch master

Showing logs for build [32mcb-kubecd-environment-pr-509-56-6xwhm-1[0m stage [32mfrom-build-pack[0m and container [32mstep-build-helm-build[0m
WARNING: No $CHART_REPOSITORY defined so using the default value of: http://jenkins-x-chartmuseum:8080
Adding missing Helm repo: storage.googleapis.com https://storage.googleapis.com/chartmuseum.jenkins-x.io
WARNING: No secrets found on "helm/repos" due: reading the secret "helm/repos" from vault: no secret "helm/repos" not found in vault
Read credentials for https://storage.googleapis.com/chartmuseum.jenkins-x.io from vault helm/repos
Successfully added Helm repository storage.googleapis.com.
Adding missing Helm repo: jenkins-x-chartmuseum http://jenkins-x-chartmuseum:8080
WARNING: No secrets found on "helm/repos" due: reading the secret "helm/repos" from vault: no secret "helm/repos" not found in vault
Read credentials for http://jenkins-x-chartmuseum:8080 from vault helm/repos
Successfully added Helm repository jenkins-x-chartmuseum.
WARNING: No $CHART_REPOSITORY defined so using the default value of: http://jenkins-x-chartmuseum:8080
Adding missing Helm repo: chartmuseum.jenkins-x.io http://chartmuseum.jenkins-x.io
WARNING: No secrets found on "helm/repos" due: reading the secret "helm/repos" from vault: no secret "helm/repos" not found in vault
Read credentials for http://chartmuseum.jenkins-x.io from vault helm/repos
Successfully added Helm repository chartmuseum.jenkins-x.io.
